current directory: /Users/t.kanata/RubymineProjects/practice/atone_practice/vender/bundle/ruby/2.5.0/gems/puma-5.2.1/ext/puma_http11
/Users/t.kanata/.rbenv/versions/2.5.8/bin/ruby -r ./siteconf20210217-35535-ec4mn6.rb extconf.rb
checking for BIO_read() in -lcrypto... yes
checking for SSL_CTX_new() in -lssl... yes
checking for openssl/bio.h... yes
checking for DTLS_method() in openssl/ssl.h... yes
checking for TLS_server_method() in openssl/ssl.h... yes
checking for SSL_CTX_set_min_proto_version(NULL, 0) in openssl/ssl.h... yes
checking for X509_STORE_up_ref()... yes
checking for SSL_CTX_set_ecdh_auto(NULL, 0) in openssl/ssl.h... yes
creating Makefile

current directory: /Users/t.kanata/RubymineProjects/practice/atone_practice/vender/bundle/ruby/2.5.0/gems/puma-5.2.1/ext/puma_http11
make "DESTDIR=" clean

current directory: /Users/t.kanata/RubymineProjects/practice/atone_practice/vender/bundle/ruby/2.5.0/gems/puma-5.2.1/ext/puma_http11
make "DESTDIR="
compiling http11_parser.c
compiling mini_ssl.c
compiling puma_http11.c
linking shared-object puma/puma_http11.bundle

current directory: /Users/t.kanata/RubymineProjects/practice/atone_practice/vender/bundle/ruby/2.5.0/gems/puma-5.2.1/ext/puma_http11
make "DESTDIR=" install
/usr/bin/install -c -m 0755 puma_http11.bundle ./.gem.20210217-35535-30ti1g/puma
